

*******************************************************************************
Wed Feb  5 20:01:03 2014


FIT:    data read from "E_scan.dat"
        #datapoints = 40
        residuals are weighted equally (unit weight)

function used for fitting: fcn(x)
fitted parameters initialized with current variable values



 Iteration 0
 WSSR        : 2.70578           delta(WSSR)/WSSR   : 0
 delta(WSSR) : 0                 limit for stopping : 1e-05
 lambda	  : 3.81045

initial set of free parameter values

b               = 0.791444
dif             = 0.483886
pos             = 51.9948
wid             = 0.0334408

After 7 iterations the fit converged.
final sum of squares of residuals : 0.00754792
rel. change during last iteration : -4.59656e-16

degrees of freedom    (FIT_NDF)                        : 36
rms of residuals      (FIT_STDFIT) = sqrt(WSSR/ndf)    : 0.0144798
variance of residuals (reduced chisquare) = WSSR/ndf   : 0.000209665

Final set of parameters            Asymptotic Standard Error
=======================            ==========================

b               = 0.827361         +/- 0.004784     (0.5782%)
dif             = 0.49372          +/- 0.004266     (0.8641%)
pos             = 51.9626          +/- 0.0007803    (0.001502%)
wid             = 0.0334918        +/- 0.0008426    (2.516%)


correlation matrix of the fit parameters:

               b      dif    pos    wid    
b               1.000 
dif             0.603  1.000 
pos             0.871  0.592  1.000 
wid            -0.315  0.191 -0.430  1.000 


*******************************************************************************
Wed Feb  5 20:01:28 2014


FIT:    data read from "E_scan.dat"
        #datapoints = 40
        residuals are weighted equally (unit weight)

function used for fitting: fcn(x)
fitted parameters initialized with current variable values



 Iteration 0
 WSSR        : 2.70578           delta(WSSR)/WSSR   : 0
 delta(WSSR) : 0                 limit for stopping : 1e-05
 lambda	  : 3.81045

initial set of free parameter values

b               = 0.791444
dif             = 0.483886
pos             = 51.9948
wid             = 0.0334408

After 7 iterations the fit converged.
final sum of squares of residuals : 0.00754792
rel. change during last iteration : -4.59656e-16

degrees of freedom    (FIT_NDF)                        : 36
rms of residuals      (FIT_STDFIT) = sqrt(WSSR/ndf)    : 0.0144798
variance of residuals (reduced chisquare) = WSSR/ndf   : 0.000209665

Final set of parameters            Asymptotic Standard Error
=======================            ==========================

b               = 0.827361         +/- 0.004784     (0.5782%)
dif             = 0.49372          +/- 0.004266     (0.8641%)
pos             = 51.9626          +/- 0.0007803    (0.001502%)
wid             = 0.0334918        +/- 0.0008426    (2.516%)


correlation matrix of the fit parameters:

               b      dif    pos    wid    
b               1.000 
dif             0.603  1.000 
pos             0.871  0.592  1.000 
wid            -0.315  0.191 -0.430  1.000 


*******************************************************************************
Wed Feb  5 20:01:54 2014


FIT:    data read from "E_scan.dat"
        #datapoints = 40
        residuals are weighted equally (unit weight)

function used for fitting: fcn(x)
fitted parameters initialized with current variable values



 Iteration 0
 WSSR        : 2.70578           delta(WSSR)/WSSR   : 0
 delta(WSSR) : 0                 limit for stopping : 1e-05
 lambda	  : 3.81045

initial set of free parameter values

b               = 0.791444
dif             = 0.483886
pos             = 51.9948
wid             = 0.0334408

After 7 iterations the fit converged.
final sum of squares of residuals : 0.00754792
rel. change during last iteration : -4.59656e-16

degrees of freedom    (FIT_NDF)                        : 36
rms of residuals      (FIT_STDFIT) = sqrt(WSSR/ndf)    : 0.0144798
variance of residuals (reduced chisquare) = WSSR/ndf   : 0.000209665

Final set of parameters            Asymptotic Standard Error
=======================            ==========================

b               = 0.827361         +/- 0.004784     (0.5782%)
dif             = 0.49372          +/- 0.004266     (0.8641%)
pos             = 51.9626          +/- 0.0007803    (0.001502%)
wid             = 0.0334918        +/- 0.0008426    (2.516%)


correlation matrix of the fit parameters:

               b      dif    pos    wid    
b               1.000 
dif             0.603  1.000 
pos             0.871  0.592  1.000 
wid            -0.315  0.191 -0.430  1.000 


*******************************************************************************
Wed Mar 26 09:51:26 2014


FIT:    data read from "E_scan_65.351keV_1.dat"
        #datapoints = 82
        residuals are weighted equally (unit weight)

function used for fitting: fcn(x)
fitted parameters initialized with current variable values



 Iteration 0
 WSSR        : 47.502            delta(WSSR)/WSSR   : 0
 delta(WSSR) : 0                 limit for stopping : 1e-05
 lambda	  : 3.7879

initial set of free parameter values

b               = 0.791444
dif             = 0.483886
pos             = 65.351
wid             = 0.0334408

After 7 iterations the fit converged.
final sum of squares of residuals : 44.205
rel. change during last iteration : -2.41557e-08

degrees of freedom    (FIT_NDF)                        : 78
rms of residuals      (FIT_STDFIT) = sqrt(WSSR/ndf)    : 0.752815
variance of residuals (reduced chisquare) = WSSR/ndf   : 0.56673

Final set of parameters            Asymptotic Standard Error
=======================            ==========================

b               = 0.637932         +/- 0.2264       (35.49%)
dif             = 0.3374           +/- 0.1777       (52.66%)
pos             = 65.3237          +/- 0.05848      (0.08952%)
wid             = 0.045298         +/- 0.08886      (196.2%)


correlation matrix of the fit parameters:

               b      dif    pos    wid    
b               1.000 
dif            -0.536  1.000 
pos             0.913 -0.408  1.000 
wid            -0.788  0.742 -0.776  1.000 


*******************************************************************************
Wed Mar 26 09:52:00 2014


FIT:    data read from "E_scan_65.351keV_1.dat"
        #datapoints = 41
        residuals are weighted equally (unit weight)

function used for fitting: fcn(x)
fitted parameters initialized with current variable values



 Iteration 0
 WSSR        : 17.2153           delta(WSSR)/WSSR   : 0
 delta(WSSR) : 0                 limit for stopping : 1e-05
 lambda	  : 3.7879

initial set of free parameter values

b               = 0.791444
dif             = 0.483886
pos             = 65.351
wid             = 0.0334408

After 17 iterations the fit converged.
final sum of squares of residuals : 0.00664216
rel. change during last iteration : -4.68822e-07

degrees of freedom    (FIT_NDF)                        : 37
rms of residuals      (FIT_STDFIT) = sqrt(WSSR/ndf)    : 0.0133984
variance of residuals (reduced chisquare) = WSSR/ndf   : 0.000179518

Final set of parameters            Asymptotic Standard Error
=======================            ==========================

b               = 1.23971          +/- 0.005621     (0.4534%)
dif             = 0.673377         +/- 0.004409     (0.6548%)
pos             = 65.3242          +/- 0.0007297    (0.001117%)
wid             = 0.0451518        +/- 0.001104     (2.445%)


correlation matrix of the fit parameters:

               b      dif    pos    wid    
b               1.000 
dif            -0.518  1.000 
pos             0.911 -0.389  1.000 
wid            -0.782  0.733 -0.771  1.000 


*******************************************************************************
Sat Mar 29 14:48:27 2014


FIT:    data read from "E_scan_65.351keV_1.dat"
        #datapoints = 41
        residuals are weighted equally (unit weight)

function used for fitting: fcn(x)
fitted parameters initialized with current variable values



 Iteration 0
 WSSR        : 17.2153           delta(WSSR)/WSSR   : 0
 delta(WSSR) : 0                 limit for stopping : 1e-05
 lambda	  : 3.7879

initial set of free parameter values

b               = 0.791444
dif             = 0.483886
pos             = 65.351
wid             = 0.0334408

After 17 iterations the fit converged.
final sum of squares of residuals : 0.00664216
rel. change during last iteration : -4.68822e-07

degrees of freedom    (FIT_NDF)                        : 37
rms of residuals      (FIT_STDFIT) = sqrt(WSSR/ndf)    : 0.0133984
variance of residuals (reduced chisquare) = WSSR/ndf   : 0.000179518

Final set of parameters            Asymptotic Standard Error
=======================            ==========================

b               = 1.23971          +/- 0.005621     (0.4534%)
dif             = 0.673377         +/- 0.004409     (0.6548%)
pos             = 65.3242          +/- 0.0007297    (0.001117%)
wid             = 0.0451518        +/- 0.001104     (2.445%)


correlation matrix of the fit parameters:

               b      dif    pos    wid    
b               1.000 
dif            -0.518  1.000 
pos             0.911 -0.389  1.000 
wid            -0.782  0.733 -0.771  1.000 


*******************************************************************************
Sat Mar 29 14:49:24 2014


FIT:    data read from "E_scan_65.351keV_1.dat"
        #datapoints = 41
        residuals are weighted equally (unit weight)

function used for fitting: fcn(x)
fitted parameters initialized with current variable values



 Iteration 0
 WSSR        : 17.2153           delta(WSSR)/WSSR   : 0
 delta(WSSR) : 0                 limit for stopping : 1e-05
 lambda	  : 3.7879

initial set of free parameter values

b               = 0.791444
dif             = 0.483886
pos             = 65.351
wid             = 0.0334408

After 17 iterations the fit converged.
final sum of squares of residuals : 0.00664216
rel. change during last iteration : -4.68822e-07

degrees of freedom    (FIT_NDF)                        : 37
rms of residuals      (FIT_STDFIT) = sqrt(WSSR/ndf)    : 0.0133984
variance of residuals (reduced chisquare) = WSSR/ndf   : 0.000179518

Final set of parameters            Asymptotic Standard Error
=======================            ==========================

b               = 1.23971          +/- 0.005621     (0.4534%)
dif             = 0.673377         +/- 0.004409     (0.6548%)
pos             = 65.3242          +/- 0.0007297    (0.001117%)
wid             = 0.0451518        +/- 0.001104     (2.445%)


correlation matrix of the fit parameters:

               b      dif    pos    wid    
b               1.000 
dif            -0.518  1.000 
pos             0.911 -0.389  1.000 
wid            -0.782  0.733 -0.771  1.000 
